d:\projetos\c++\trataxml\x64\debug\trataxml.pch
d:\projetos\c++\trataxml\x64\debug\vc142.pdb
d:\projetos\c++\trataxml\x64\debug\vc142.idb
d:\projetos\c++\trataxml\x64\debug\pch.obj
d:\projetos\c++\trataxml\x64\debug\verifygetxml.obj
d:\projetos\c++\trataxml\x64\debug\trataxml.obj
d:\projetos\c++\trataxml\x64\debug\getfix.obj
d:\projetos\c++\trataxml\x64\debug\trataxml.pdb
d:\projetos\c++\trataxml\x64\debug\trataxml.tlog\cl.command.1.tlog
d:\projetos\c++\trataxml\x64\debug\trataxml.tlog\cl.read.1.tlog
d:\projetos\c++\trataxml\x64\debug\trataxml.tlog\cl.write.1.tlog
d:\projetos\c++\trataxml\x64\debug\trataxml.tlog\link-cvtres.read.1.tlog
d:\projetos\c++\trataxml\x64\debug\trataxml.tlog\link-cvtres.write.1.tlog
d:\projetos\c++\trataxml\x64\debug\trataxml.tlog\link-rc.read.1.tlog
d:\projetos\c++\trataxml\x64\debug\trataxml.tlog\link-rc.write.1.tlog
d:\projetos\c++\trataxml\x64\debug\trataxml.tlog\link.13632-cvtres.read.1.tlog
d:\projetos\c++\trataxml\x64\debug\trataxml.tlog\link.13632-cvtres.write.1.tlog
d:\projetos\c++\trataxml\x64\debug\trataxml.tlog\link.13632-rc.read.1.tlog
d:\projetos\c++\trataxml\x64\debug\trataxml.tlog\link.13632-rc.write.1.tlog
d:\projetos\c++\trataxml\x64\debug\trataxml.tlog\link.13632.read.1.tlog
d:\projetos\c++\trataxml\x64\debug\trataxml.tlog\link.13632.write.1.tlog
d:\projetos\c++\trataxml\x64\debug\trataxml.tlog\link.command.1.tlog
d:\projetos\c++\trataxml\x64\debug\trataxml.tlog\link.read.1.tlog
d:\projetos\c++\trataxml\x64\debug\trataxml.tlog\link.write.1.tlog
